
Number of jobs: 4
J0   deadline: 218, criticality: LO, WCET(LO): 100, WCET(HI): 100
J1   deadline: 50, criticality: LO, WCET(LO): 50, WCET(HI): 50
J2   deadline: 58, criticality: LO, WCET(LO): 8, WCET(HI): 8
J3   deadline: 100, criticality: HI, WCET(LO): 60, WCET(HI): 61
Creating state tables ...
Building LP
Number of variables: 99,106,222
Number of constraints: 52,462,579
Creating objective coefficients array ... 
Adding variables ... 
Creating constraints ... 
prob_sys_criticality_lo 0.976012
prob_sys_criticality_hi 0.023988
Delta 0.011994
Solving LP ... 
Optimize a model with 52462579 rows, 99106222 columns and 294201095 nonzeros
Coefficient statistics:
  Matrix range    [2e-05, 1e+00]
  Objective range [6e-01, 1e+02]
  Bounds range    [0e+00, 0e+00]
  RHS range       [1e-02, 1e+00]
Presolve removed 0 rows and 0 columns (presolve time = 18s) ...
Presolve removed 11831276 rows and 12562324 columns (presolve time = 23s) ...
Presolve removed 12016780 rows and 12756986 columns (presolve time = 26s) ...
Presolve removed 13667030 rows and 14408286 columns (presolve time = 30s) ...
Presolve removed 16046514 rows and 17047127 columns (presolve time = 68s) ...
Presolve removed 16046514 rows and 17050210 columns (presolve time = 179s) ...
Presolve removed 16056304 rows and 17060000 columns (presolve time = 199s) ...
Presolve removed 17926304 rows and 18930000 columns (presolve time = 200s) ...
Presolve removed 23412233 rows and 24415929 columns (presolve time = 208s) ...
Presolve removed 23416304 rows and 24420000 columns (presolve time = 218s) ...
Presolve removed 23883506 rows and 24887202 columns (presolve time = 222s) ...
Presolve removed 23886304 rows and 24890000 columns (presolve time = 231s) ...
Presolve removed 24117728 rows and 25121424 columns (presolve time = 235s) ...
Presolve removed 24126304 rows and 25130000 columns (presolve time = 245s) ...
Presolve removed 24196304 rows and 25200000 columns (presolve time = 245s) ...
Presolve removed 24206304 rows and 25210000 columns (presolve time = 257s) ...
Presolve removed 24242065 rows and 25245761 columns (presolve time = 282s) ...
Presolve removed 24242065 rows and 25245761 columns (presolve time = 285s) ...
Presolve removed 24242065 rows and 25286265 columns (presolve time = 291s) ...
Presolve removed 24271489 rows and 25548328 columns (presolve time = 323s) ...
Presolve removed 24271489 rows and 25582210 columns (presolve time = 410s) ...
Presolve removed 24316809 rows and 25746898 columns (presolve time = 412s) ...
Presolve removed 24614522 rows and 26271700 columns (presolve time = 439s) ...
Presolve removed 24614522 rows and 26312958 columns (presolve time = 484s) ...
Presolve removed 24670815 rows and 26490167 columns (presolve time = 486s) ...
Presolve removed 24984411 rows and 27064894 columns (presolve time = 513s) ...
Presolve removed 24984411 rows and 27130115 columns (presolve time = 557s) ...
Presolve removed 25399553 rows and 27943082 columns (presolve time = 586s) ...
Presolve removed 25399553 rows and 28036189 columns (presolve time = 630s) ...
Presolve removed 25399553 rows and 28036189 columns (presolve time = 642s) ...
Presolve removed 25399553 rows and 28036189 columns
Presolve time: 650.50s
Presolved: 27063026 rows, 71070033 columns, 196578183 nonzeros

Iteration    Objective       Primal Inf.    Dual Inf.      Time
       0    1.0243142e-01   1.762541e+00   2.939658e+13   1107s
  111095    0.0000000e+00   6.508563e-02   3.838371e+10   1287s
  129943    0.0000000e+00   5.202295e-02   1.217702e+12   1415s
  132085   -9.3336894e-11   1.965170e-02   3.931893e+11   1493s
  134227   -2.1740097e+00   1.483355e-02   9.779535e+11   1601s
  136369   -2.1743921e+00   1.483355e-02   7.736025e+10   1780s
  138511   -2.1743921e+00   1.483355e-02   6.768329e+10   2162s
  140653   -2.1743921e+00   1.483355e-02   2.025319e+12   2770s
  142795   -2.1743921e+00   1.483355e-02   2.109672e+10   3220s
  144937   -2.1743921e+00   1.483355e-02   7.573268e+09   3754s
  147079   -2.1743921e+00   1.483355e-02   7.050737e+10   4302s
  149221   -2.1761145e+00   1.483355e-02   2.534171e+10   4778s
  151363   -2.1761145e+00   1.483355e-02   4.163279e+09   5414s
  153505   -2.1761145e+00   1.483355e-02   9.086649e+09   6072s
  155647   -2.1761145e+00   1.483355e-02   9.315385e+09   6890s
